0 info it worked if it ends with ok
1 verbose cli [ '/usr/bin/node',
1 verbose cli   '/usr/bin/npm',
1 verbose cli   'install',
1 verbose cli   '-g',
1 verbose cli   'yui-compressor' ]
2 info using npm@3.10.10
3 info using node@v6.11.4
4 silly loadCurrentTree Starting
5 silly install loadCurrentTree
6 silly install readGlobalPackageData
7 silly fetchPackageMetaData yui-compressor
8 silly fetchNamedPackageData yui-compressor
9 silly mapToRegistry name yui-compressor
10 silly mapToRegistry using default registry
11 silly mapToRegistry registry https://registry.npmjs.org/
12 silly mapToRegistry data Result {
12 silly mapToRegistry   raw: 'yui-compressor',
12 silly mapToRegistry   scope: null,
12 silly mapToRegistry   escapedName: 'yui-compressor',
12 silly mapToRegistry   name: 'yui-compressor',
12 silly mapToRegistry   rawSpec: '',
12 silly mapToRegistry   spec: 'latest',
12 silly mapToRegistry   type: 'tag' }
13 silly mapToRegistry uri https://registry.npmjs.org/yui-compressor
14 verbose request uri https://registry.npmjs.org/yui-compressor
15 verbose request no auth needed
16 info attempt registry request try #1 at 12:08:57 PM
17 verbose request id 06978838745bc341
18 http request GET https://registry.npmjs.org/yui-compressor
19 http 200 https://registry.npmjs.org/yui-compressor
20 verbose headers { server: 'nginx/1.10.1',
20 verbose headers   'content-type': 'application/json',
20 verbose headers   'last-modified': 'Tue, 19 Feb 2013 21:30:32 GMT',
20 verbose headers   etag: 'W/"5123eef8-c68"',
20 verbose headers   'content-encoding': 'gzip',
20 verbose headers   'cache-control': 'max-age=300',
20 verbose headers   'content-length': '879',
20 verbose headers   'accept-ranges': 'bytes',
20 verbose headers   date: 'Wed, 11 Oct 2017 20:09:04 GMT',
20 verbose headers   via: '1.1 varnish',
20 verbose headers   age: '0',
20 verbose headers   connection: 'keep-alive',
20 verbose headers   'x-served-by': 'cache-sjc3637-SJC',
20 verbose headers   'x-cache': 'MISS',
20 verbose headers   'x-cache-hits': '0',
20 verbose headers   'x-timer': 'S1507752544.025905,VS0,VE42',
20 verbose headers   vary: 'Accept-Encoding, Accept' }
21 silly get cb [ 200,
21 silly get   { server: 'nginx/1.10.1',
21 silly get     'content-type': 'application/json',
21 silly get     'last-modified': 'Tue, 19 Feb 2013 21:30:32 GMT',
21 silly get     etag: 'W/"5123eef8-c68"',
21 silly get     'content-encoding': 'gzip',
21 silly get     'cache-control': 'max-age=300',
21 silly get     'content-length': '879',
21 silly get     'accept-ranges': 'bytes',
21 silly get     date: 'Wed, 11 Oct 2017 20:09:04 GMT',
21 silly get     via: '1.1 varnish',
21 silly get     age: '0',
21 silly get     connection: 'keep-alive',
21 silly get     'x-served-by': 'cache-sjc3637-SJC',
21 silly get     'x-cache': 'MISS',
21 silly get     'x-cache-hits': '0',
21 silly get     'x-timer': 'S1507752544.025905,VS0,VE42',
21 silly get     vary: 'Accept-Encoding, Accept' } ]
22 verbose get saving yui-compressor to /home/jacob/.npm/registry.npmjs.org/yui-compressor/.cache.json
23 verbose correctMkdir /home/jacob/.npm correctMkdir not in flight; initializing
24 silly install normalizeTree
25 silly loadCurrentTree Finishing
26 silly loadIdealTree Starting
27 silly install loadIdealTree
28 silly cloneCurrentTree Starting
29 silly install cloneCurrentTreeToIdealTree
30 silly cloneCurrentTree Finishing
31 silly loadShrinkwrap Starting
32 silly install loadShrinkwrap
33 silly loadShrinkwrap Finishing
34 silly loadAllDepsIntoIdealTree Starting
35 silly install loadAllDepsIntoIdealTree
36 silly resolveWithNewModule yui-compressor@0.1.3 checking installable status
37 silly cache add args [ 'yui-compressor', null ]
38 verbose cache add spec yui-compressor
39 silly cache add parsed spec Result {
39 silly cache add   raw: 'yui-compressor',
39 silly cache add   scope: null,
39 silly cache add   escapedName: 'yui-compressor',
39 silly cache add   name: 'yui-compressor',
39 silly cache add   rawSpec: '',
39 silly cache add   spec: 'latest',
39 silly cache add   type: 'tag' }
40 silly addNamed yui-compressor@latest
41 verbose addNamed "latest" is being treated as a dist-tag for yui-compressor
42 info addNameTag [ 'yui-compressor', 'latest' ]
43 silly mapToRegistry name yui-compressor
44 silly mapToRegistry using default registry
45 silly mapToRegistry registry https://registry.npmjs.org/
46 silly mapToRegistry data Result {
46 silly mapToRegistry   raw: 'yui-compressor',
46 silly mapToRegistry   scope: null,
46 silly mapToRegistry   escapedName: 'yui-compressor',
46 silly mapToRegistry   name: 'yui-compressor',
46 silly mapToRegistry   rawSpec: '',
46 silly mapToRegistry   spec: 'latest',
46 silly mapToRegistry   type: 'tag' }
47 silly mapToRegistry uri https://registry.npmjs.org/yui-compressor
48 verbose addNameTag registry:https://registry.npmjs.org/yui-compressor not in flight; fetching
49 verbose get https://registry.npmjs.org/yui-compressor not expired, no request
50 silly addNameTag next cb for yui-compressor with tag latest
51 silly addNamed yui-compressor@0.1.3
52 verbose addNamed "0.1.3" is a plain semver version for yui-compressor
53 silly mapToRegistry name yui-compressor
54 silly mapToRegistry using default registry
55 silly mapToRegistry registry https://registry.npmjs.org/
56 silly mapToRegistry data Result {
56 silly mapToRegistry   raw: 'yui-compressor',
56 silly mapToRegistry   scope: null,
56 silly mapToRegistry   escapedName: 'yui-compressor',
56 silly mapToRegistry   name: 'yui-compressor',
56 silly mapToRegistry   rawSpec: '',
56 silly mapToRegistry   spec: 'latest',
56 silly mapToRegistry   type: 'tag' }
57 silly mapToRegistry uri https://registry.npmjs.org/yui-compressor
58 verbose addRemoteTarball https://registry.npmjs.org/yui-compressor/-/yui-compressor-0.1.3.tgz not in flight; adding
59 verbose addRemoteTarball [ 'https://registry.npmjs.org/yui-compressor/-/yui-compressor-0.1.3.tgz',
59 verbose addRemoteTarball   'c459db8733ee678386092a2c2ce97bc6b121d97b' ]
60 info retry fetch attempt 1 at 12:09:05 PM
61 info attempt registry request try #1 at 12:09:05 PM
62 http fetch GET https://registry.npmjs.org/yui-compressor/-/yui-compressor-0.1.3.tgz
63 http fetch 200 https://registry.npmjs.org/yui-compressor/-/yui-compressor-0.1.3.tgz
64 silly fetchAndShaCheck shasum c459db8733ee678386092a2c2ce97bc6b121d97b
65 verbose addTmpTarball /tmp/npm-596-bffaf39c/registry.npmjs.org/yui-compressor/-/yui-compressor-0.1.3.tgz not in flight; adding
66 verbose addTmpTarball already have metadata; skipping unpack for yui-compressor@0.1.3
67 verbose correctMkdir /home/jacob/.npm correctMkdir not in flight; initializing
68 silly cache afterAdd yui-compressor@0.1.3
69 verbose afterAdd /home/jacob/.npm/yui-compressor/0.1.3/package/package.json not in flight; writing
70 verbose correctMkdir /home/jacob/.npm correctMkdir not in flight; initializing
71 verbose afterAdd /home/jacob/.npm/yui-compressor/0.1.3/package/package.json written
72 silly loadAllDepsIntoIdealTree Finishing
73 silly loadIdealTree Finishing
74 silly currentTree lib
75 silly idealTree lib
75 silly idealTree └── yui-compressor@0.1.3
76 silly generateActionsToTake Starting
77 silly install generateActionsToTake
78 warn checkPermissions Missing write access to /usr/lib/node_modules
79 silly rollbackFailedOptional Starting
80 silly rollbackFailedOptional Finishing
81 silly runTopLevelLifecycles Finishing
82 silly install printInstalled
83 verbose stack Error: EACCES: permission denied, access '/usr/lib/node_modules'
83 verbose stack     at Error (native)
84 verbose cwd /mnt/c/Vagrant/jjaaccoobb.github.io
85 error Linux 4.4.0-43-Microsoft
86 error argv "/usr/bin/node" "/usr/bin/npm" "install" "-g" "yui-compressor"
87 error node v6.11.4
88 error npm  v3.10.10
89 error path /usr/lib/node_modules
90 error code EACCES
91 error errno -13
92 error syscall access
93 error Error: EACCES: permission denied, access '/usr/lib/node_modules'
93 error     at Error (native)
93 error  { Error: EACCES: permission denied, access '/usr/lib/node_modules'
93 error     at Error (native)
93 error   errno: -13,
93 error   code: 'EACCES',
93 error   syscall: 'access',
93 error   path: '/usr/lib/node_modules' }
94 error Please try running this command again as root/Administrator.
95 verbose exit [ -13, true ]
